<?xml version="1.0" encoding="UTF-8"?><testsuite name="nosetests" tests="25" errors="0" failures="0" skip="4"><testcase classname="tests.test_config.TestConfiguration" name="test_config" time="0.010"></testcase><testcase classname="tests.test_config.TestConfiguration" name="test_no_config" time="0.000"></testcase><testcase classname="tests.test_config.TestConfiguration" name="test_valid_configuration" time="0.009"></testcase><testcase classname="tests.test_converter.TestConverter" name="test_converter_10____b__copy__2013_edX____xa0___b______b__copy__2013_EDX____xa0___b___" time="0.000"></testcase><testcase classname="tests.test_converter.TestConverter" name="test_converter_1___big_bad_wolf____BIG_BAD_WOLF__" time="0.000"></testcase><testcase classname="tests.test_converter.TestConverter" name="test_converter_2___big__strong_bad__strong__wolf____BIG__strong_BAD__strong__WOLF__" time="0.000"></testcase><testcase classname="tests.test_converter.TestConverter" name="test_converter_3___big__b_bad__b__gray__i_wolf__i_____BIG__b_BAD__b__GRAY__i_WOLF__i___" time="0.000"></testcase><testcase classname="tests.test_converter.TestConverter" name="test_converter_4____a_href__foo__bar__a__baz_____a_href__foo__BAR__a__BAZ__" time="0.000"></testcase><testcase classname="tests.test_converter.TestConverter" name="test_converter_5____a_href__foo__bar__a__baz_____a_href__foo__BAR__a__BAZ__" time="0.000"></testcase><testcase classname="tests.test_converter.TestConverter" name="test_converter_6___big___adjective_s_wolf____BIG___adjective_s_WOLF__" time="0.000"></testcase><testcase classname="tests.test_converter.TestConverter" name="test_converter_7___big___adjective_s_gray___noun_s____BIG___adjective_s_GRAY___noun_s__" time="0.000"></testcase><testcase classname="tests.test_converter.TestConverter" name="test_converter_8____strong_big__strong____adjective_s___noun_s_____strong_BIG__strong____adjective_s___noun_s__" time="0.000"></testcase><testcase classname="tests.test_converter.TestConverter" name="test_converter_9___The__0__barn_is__1_r______THE__0__BARN_IS__1_r____" time="0.000"></testcase><testcase classname="tests.test_dummy.TestDummy" name="test_dummy_1__u_sign_in___u_s_xefgn__xefn__u2c60__u03c3_u044f_u0454_u043c__u03b9_u03c1_u0455_u03c5_u043c___" time="0.000"></testcase><testcase classname="tests.test_dummy.TestDummy" name="test_dummy_2__u_my_name_is_Bond___u_m_xfd_n_xe4m_xe9__xefs_B_xf6nd__u2c60__u03c3_u044f_u0454_u043c__u03b9_u03c1_u0455_u03c5_u043c____" time="0.000"></testcase><testcase classname="tests.test_dummy.TestDummy" name="test_dummy_3__u_hello_my_name_is_Bond__James_Bond___u_h_xe9ll_xf6_m_xfd_n_xe4m_xe9__xefs_B_xf6nd__J_xe4m_xe9s_B_xf6nd__u2c60__u03c3_u044f_u0454_u043c__u03b9_u03c1_u0455_u03c5_u043c__u2202_u03c3_u0142_u03c3_u044f__u0455_u03b9___" time="0.000"></testcase><testcase classname="tests.test_dummy.TestDummy" name="test_dummy_4__u_don_t_convert__a_href__href__tag_ids__a____u_d_xf6n_t__xe7_xf6nv_xe9rt__a_href__href__t_xe4g__xefds__a___u2c60__u03c3_u044f_u0454_u043c__u03b9_u03c1_u0455_u03c5_u043c__u2202_u03c3_u0142_u03c3_u044f____" time="0.000"></testcase><testcase classname="tests.test_dummy.TestDummy" name="test_dummy_5__u_don_t_convert___name_s_tags_on___date_s___u_d_xf6n_t__xe7_xf6nv_xe9rt___name_s_t_xe4gs__xf6n___date_s__u2c60__u03c3_u044f_u0454_u043c__u03b9_u03c1_u0455_u03c5_u043c__u2202_u03c3_u0142_u03c3_u044f__u0455_u03b9___" time="0.000"></testcase><testcase classname="tests.test_dummy.TestDummy" name="test_plural" time="0.000"></testcase><testcase classname="tests.test_dummy.TestDummy" name="test_singular" time="0.000"></testcase><testcase classname="tests.test_extract.TestExtract" name="test_files" time="0.000"><skipped type="unittest.case.SkipTest" message=""><![CDATA[SkipTest
]]></skipped></testcase><testcase classname="tests.test_extract.TestExtract" name="test_headers" time="0.000"><skipped type="unittest.case.SkipTest" message=""><![CDATA[SkipTest
]]></skipped></testcase><testcase classname="tests.test_extract.TestExtract" name="test_is_keystring" time="0.000"><skipped type="unittest.case.SkipTest" message=""><![CDATA[SkipTest
]]></skipped></testcase><testcase classname="tests.test_extract.TestExtract" name="test_metadata" time="0.000"><skipped type="unittest.case.SkipTest" message=""><![CDATA[SkipTest
]]></skipped></testcase><testcase classname="tests.test_segment.SegmentTest" name="test_sample_data" time="0.016"></testcase></testsuite>